[11:09:20] [CONFIG] [orxConfig.c:orxConfig_ProcessBuffer(3280)] [Breakout_Orxd.ini]: Begin include @Breakout_Orx.ini@
[11:09:20] [CONFIG] [orxConfig.c:orxConfig_ProcessBuffer(3286)] [Breakout_Orxd.ini]: End include @Breakout_Orx.ini@
[11:09:20] [CONFIG] [orxConfig.c:orxConfig_ProcessBuffer(3133)] [Breakout_Orxd.ini]: <Display.Title> = Breakout (Debug) -> Breakout_Orx (Debug)
[11:09:20] [CONFIG] [orxConfig.c:orxConfig_ProcessBuffer(3127)] [Breakout_Orxd.ini]: <Bundle.ExcludeList> += Breakout_Orxd.ini
[11:09:20] [CONFIG] [orxConfig.c:orxConfig_CheckTypo(1646)] [Display]: <ScreennHeight> was found instead of requested key <ScreenHeight>, typo?
[11:09:21] [PHYSICS] [orxPhysics.c:orxPhysics_GetCollisionFlagValue(291)] Adding collision flag <paddle> with value <1>.
[11:09:21] [PHYSICS] [orxPhysics.c:orxPhysics_GetCollisionFlagValue(291)] Adding collision flag <ball> with value <2>.
[11:09:21] [PHYSICS] [orxPhysics.c:orxPhysics_GetCollisionFlagValue(291)] Adding collision flag <wall> with value <4>.
[11:11:20] [CONFIG] [orxConfig.c:orxConfig_ProcessBuffer(3280)] [Breakout_Orxd.ini]: Begin include @Breakout_Orx.ini@
[11:11:20] [CONFIG] [orxConfig.c:orxConfig_ProcessBuffer(3286)] [Breakout_Orxd.ini]: End include @Breakout_Orx.ini@
[11:11:20] [CONFIG] [orxConfig.c:orxConfig_ProcessBuffer(3133)] [Breakout_Orxd.ini]: <Display.Title> = Breakout (Debug) -> Breakout_Orx (Debug)
[11:11:20] [CONFIG] [orxConfig.c:orxConfig_ProcessBuffer(3127)] [Breakout_Orxd.ini]: <Bundle.ExcludeList> += Breakout_Orxd.ini
[11:11:20] [CONFIG] [orxConfig.c:orxConfig_CheckTypo(1646)] [Display]: <ScreennHeight> was found instead of requested key <ScreenHeight>, typo?
[11:11:21] [PHYSICS] [orxPhysics.c:orxPhysics_GetCollisionFlagValue(291)] Adding collision flag <paddle> with value <1>.
[11:11:21] [PHYSICS] [orxPhysics.c:orxPhysics_GetCollisionFlagValue(291)] Adding collision flag <ball> with value <2>.
[11:11:21] [PHYSICS] [orxPhysics.c:orxPhysics_GetCollisionFlagValue(291)] Adding collision flag <wall> with value <4>.
[11:16:14] [CONFIG] [orxConfig.c:orxConfig_ProcessBuffer(3280)] [Breakout_Orxd.ini]: Begin include @Breakout_Orx.ini@
[11:16:14] [CONFIG] [orxConfig.c:orxConfig_ProcessBuffer(3286)] [Breakout_Orxd.ini]: End include @Breakout_Orx.ini@
[11:16:14] [CONFIG] [orxConfig.c:orxConfig_ProcessBuffer(3133)] [Breakout_Orxd.ini]: <Display.Title> = Breakout (Debug) -> Breakout_Orx (Debug)
[11:16:14] [CONFIG] [orxConfig.c:orxConfig_ProcessBuffer(3127)] [Breakout_Orxd.ini]: <Bundle.ExcludeList> += Breakout_Orxd.ini
[11:16:14] [CONFIG] [orxConfig.c:orxConfig_CheckTypo(1646)] [Display]: <ScreennHeight> was found instead of requested key <ScreenHeight>, typo?
[11:16:14] [PHYSICS] [orxPhysics.c:orxPhysics_GetCollisionFlagValue(291)] Adding collision flag <paddle> with value <1>.
[11:16:14] [PHYSICS] [orxPhysics.c:orxPhysics_GetCollisionFlagValue(291)] Adding collision flag <ball> with value <2>.
[11:16:14] [PHYSICS] [orxPhysics.c:orxPhysics_GetCollisionFlagValue(291)] Adding collision flag <wall> with value <4>.
[11:21:18] [CONFIG] [orxConfig.c:orxConfig_ProcessBuffer(3280)] [Breakout_Orxd.ini]: Begin include @Breakout_Orx.ini@
[11:21:18] [CONFIG] [orxConfig.c:orxConfig_ProcessBuffer(3286)] [Breakout_Orxd.ini]: End include @Breakout_Orx.ini@
[11:21:18] [CONFIG] [orxConfig.c:orxConfig_ProcessBuffer(3133)] [Breakout_Orxd.ini]: <Display.Title> = Breakout (Debug) -> Breakout_Orx (Debug)
[11:21:18] [CONFIG] [orxConfig.c:orxConfig_ProcessBuffer(3127)] [Breakout_Orxd.ini]: <Bundle.ExcludeList> += Breakout_Orxd.ini
[11:21:18] [PHYSICS] [orxPhysics.c:orxPhysics_GetCollisionFlagValue(291)] Adding collision flag <paddle> with value <1>.
[11:21:18] [PHYSICS] [orxPhysics.c:orxPhysics_GetCollisionFlagValue(291)] Adding collision flag <ball> with value <2>.
[11:21:18] [PHYSICS] [orxPhysics.c:orxPhysics_GetCollisionFlagValue(291)] Adding collision flag <wall> with value <4>.
[11:21:42] [CONFIG] [orxConfig.c:orxConfig_ProcessBuffer(3280)] [Breakout_Orxd.ini]: Begin include @Breakout_Orx.ini@
[11:21:42] [CONFIG] [orxConfig.c:orxConfig_ProcessBuffer(3286)] [Breakout_Orxd.ini]: End include @Breakout_Orx.ini@
[11:21:42] [CONFIG] [orxConfig.c:orxConfig_ProcessBuffer(3133)] [Breakout_Orxd.ini]: <Display.Title> = Breakout (Debug) -> Breakout_Orx (Debug)
[11:21:42] [CONFIG] [orxConfig.c:orxConfig_ProcessBuffer(3127)] [Breakout_Orxd.ini]: <Bundle.ExcludeList> += Breakout_Orxd.ini
[11:21:42] [PHYSICS] [orxPhysics.c:orxPhysics_GetCollisionFlagValue(291)] Adding collision flag <paddle> with value <1>.
[11:21:42] [PHYSICS] [orxPhysics.c:orxPhysics_GetCollisionFlagValue(291)] Adding collision flag <ball> with value <2>.
[11:21:42] [PHYSICS] [orxPhysics.c:orxPhysics_GetCollisionFlagValue(291)] Adding collision flag <wall> with value <4>.
[11:21:42] [PHYSICS] [orxBody.c:orxBody_AddPartFromConfig(1133)] Part <BallBodyPart>: <circle> isn't a valid type for a body part.
[11:21:42] [PHYSICS] [orxBody.c:orxBody_AddPartFromConfig(1155)] Couldn't create part <BallBodyPart>
[11:21:42] [PHYSICS] [orxBody.c:orxBody_CreateFromConfig(574)] [BallBody]: Couldn't add part <BallBodyPart> for this body: too many parts or invalid part.
[11:22:27] [CONFIG] [orxConfig.c:orxConfig_ProcessBuffer(3280)] [Breakout_Orxd.ini]: Begin include @Breakout_Orx.ini@
[11:22:27] [CONFIG] [orxConfig.c:orxConfig_ProcessBuffer(3286)] [Breakout_Orxd.ini]: End include @Breakout_Orx.ini@
[11:22:27] [CONFIG] [orxConfig.c:orxConfig_ProcessBuffer(3133)] [Breakout_Orxd.ini]: <Display.Title> = Breakout (Debug) -> Breakout_Orx (Debug)
[11:22:27] [CONFIG] [orxConfig.c:orxConfig_ProcessBuffer(3127)] [Breakout_Orxd.ini]: <Bundle.ExcludeList> += Breakout_Orxd.ini
[11:22:28] [PHYSICS] [orxPhysics.c:orxPhysics_GetCollisionFlagValue(291)] Adding collision flag <paddle> with value <1>.
[11:22:28] [PHYSICS] [orxPhysics.c:orxPhysics_GetCollisionFlagValue(291)] Adding collision flag <ball> with value <2>.
[11:22:28] [PHYSICS] [orxPhysics.c:orxPhysics_GetCollisionFlagValue(291)] Adding collision flag <wall> with value <4>.
[11:23:24] [CONFIG] [orxConfig.c:orxConfig_ProcessBuffer(3280)] [Breakout_Orxd.ini]: Begin include @Breakout_Orx.ini@
[11:23:24] [CONFIG] [orxConfig.c:orxConfig_ProcessBuffer(3286)] [Breakout_Orxd.ini]: End include @Breakout_Orx.ini@
[11:23:24] [CONFIG] [orxConfig.c:orxConfig_ProcessBuffer(3133)] [Breakout_Orxd.ini]: <Display.Title> = Breakout (Debug) -> Breakout_Orx (Debug)
[11:23:24] [CONFIG] [orxConfig.c:orxConfig_ProcessBuffer(3127)] [Breakout_Orxd.ini]: <Bundle.ExcludeList> += Breakout_Orxd.ini
[11:23:25] [PHYSICS] [orxPhysics.c:orxPhysics_GetCollisionFlagValue(291)] Adding collision flag <paddle> with value <1>.
[11:23:25] [PHYSICS] [orxPhysics.c:orxPhysics_GetCollisionFlagValue(291)] Adding collision flag <ball> with value <2>.
[11:23:25] [PHYSICS] [orxPhysics.c:orxPhysics_GetCollisionFlagValue(291)] Adding collision flag <wall> with value <4>.
[11:23:25] [CONFIG] [orxConfig.c:orxConfig_CheckTypo(1629)] [BallObject]: <Position> is defined as <@PaddleObject.Position * .75> however one of its ancestors was not found, typo?
[11:23:55] [CONFIG] [orxConfig.c:orxConfig_ProcessBuffer(3280)] [Breakout_Orxd.ini]: Begin include @Breakout_Orx.ini@
[11:23:55] [CONFIG] [orxConfig.c:orxConfig_ProcessBuffer(3286)] [Breakout_Orxd.ini]: End include @Breakout_Orx.ini@
[11:23:55] [CONFIG] [orxConfig.c:orxConfig_ProcessBuffer(3133)] [Breakout_Orxd.ini]: <Display.Title> = Breakout (Debug) -> Breakout_Orx (Debug)
[11:23:55] [CONFIG] [orxConfig.c:orxConfig_ProcessBuffer(3127)] [Breakout_Orxd.ini]: <Bundle.ExcludeList> += Breakout_Orxd.ini
[11:23:56] [PHYSICS] [orxPhysics.c:orxPhysics_GetCollisionFlagValue(291)] Adding collision flag <paddle> with value <1>.
[11:23:56] [PHYSICS] [orxPhysics.c:orxPhysics_GetCollisionFlagValue(291)] Adding collision flag <ball> with value <2>.
[11:23:56] [PHYSICS] [orxPhysics.c:orxPhysics_GetCollisionFlagValue(291)] Adding collision flag <wall> with value <4>.
[11:48:47] [CONFIG] [orxConfig.c:orxConfig_ProcessBuffer(3280)] [Breakout_Orxd.ini]: Begin include @Breakout_Orx.ini@
[11:48:47] [CONFIG] [orxConfig.c:orxConfig_ProcessBuffer(3286)] [Breakout_Orxd.ini]: End include @Breakout_Orx.ini@
[11:48:47] [CONFIG] [orxConfig.c:orxConfig_ProcessBuffer(3133)] [Breakout_Orxd.ini]: <Display.Title> = Breakout (Debug) -> Breakout_Orx (Debug)
[11:48:47] [CONFIG] [orxConfig.c:orxConfig_ProcessBuffer(3127)] [Breakout_Orxd.ini]: <Bundle.ExcludeList> += Breakout_Orxd.ini
[11:48:48] [PHYSICS] [orxPhysics.c:orxPhysics_GetCollisionFlagValue(291)] Adding collision flag <paddle> with value <1>.
[11:48:48] [PHYSICS] [orxPhysics.c:orxPhysics_GetCollisionFlagValue(291)] Adding collision flag <ball> with value <2>.
[11:48:48] [PHYSICS] [orxPhysics.c:orxPhysics_GetCollisionFlagValue(291)] Adding collision flag <wall> with value <4>.
[11:49:42] [CONFIG] [orxConfig.c:orxConfig_ProcessBuffer(3280)] [Breakout_Orxd.ini]: Begin include @Breakout_Orx.ini@
[11:49:42] [CONFIG] [orxConfig.c:orxConfig_ProcessBuffer(3286)] [Breakout_Orxd.ini]: End include @Breakout_Orx.ini@
[11:49:42] [CONFIG] [orxConfig.c:orxConfig_ProcessBuffer(3133)] [Breakout_Orxd.ini]: <Display.Title> = Breakout (Debug) -> Breakout_Orx (Debug)
[11:49:42] [CONFIG] [orxConfig.c:orxConfig_ProcessBuffer(3127)] [Breakout_Orxd.ini]: <Bundle.ExcludeList> += Breakout_Orxd.ini
[11:49:43] [PHYSICS] [orxPhysics.c:orxPhysics_GetCollisionFlagValue(291)] Adding collision flag <paddle> with value <1>.
[11:49:43] [PHYSICS] [orxPhysics.c:orxPhysics_GetCollisionFlagValue(291)] Adding collision flag <ball> with value <2>.
[11:49:43] [PHYSICS] [orxPhysics.c:orxPhysics_GetCollisionFlagValue(291)] Adding collision flag <wall> with value <4>.
[11:50:30] [CONFIG] [orxConfig.c:orxConfig_ProcessBuffer(3280)] [Breakout_Orxd.ini]: Begin include @Breakout_Orx.ini@
[11:50:30] [CONFIG] [orxConfig.c:orxConfig_ProcessBuffer(3286)] [Breakout_Orxd.ini]: End include @Breakout_Orx.ini@
[11:50:30] [CONFIG] [orxConfig.c:orxConfig_ProcessBuffer(3133)] [Breakout_Orxd.ini]: <Display.Title> = Breakout (Debug) -> Breakout_Orx (Debug)
[11:50:30] [CONFIG] [orxConfig.c:orxConfig_ProcessBuffer(3127)] [Breakout_Orxd.ini]: <Bundle.ExcludeList> += Breakout_Orxd.ini
[11:50:30] [PHYSICS] [orxPhysics.c:orxPhysics_GetCollisionFlagValue(291)] Adding collision flag <paddle> with value <1>.
[11:50:30] [PHYSICS] [orxPhysics.c:orxPhysics_GetCollisionFlagValue(291)] Adding collision flag <ball> with value <2>.
[11:50:30] [PHYSICS] [orxPhysics.c:orxPhysics_GetCollisionFlagValue(291)] Adding collision flag <wall> with value <4>.
[11:52:30] [CONFIG] [orxConfig.c:orxConfig_ProcessBuffer(3280)] [Breakout_Orxd.ini]: Begin include @Breakout_Orx.ini@
[11:52:30] [CONFIG] [orxConfig.c:orxConfig_ProcessBuffer(3286)] [Breakout_Orxd.ini]: End include @Breakout_Orx.ini@
[11:52:30] [CONFIG] [orxConfig.c:orxConfig_ProcessBuffer(3133)] [Breakout_Orxd.ini]: <Display.Title> = Breakout (Debug) -> Breakout_Orx (Debug)
[11:52:30] [CONFIG] [orxConfig.c:orxConfig_ProcessBuffer(3127)] [Breakout_Orxd.ini]: <Bundle.ExcludeList> += Breakout_Orxd.ini
[11:52:30] [PHYSICS] [orxPhysics.c:orxPhysics_GetCollisionFlagValue(291)] Adding collision flag <paddle> with value <1>.
[11:52:30] [PHYSICS] [orxPhysics.c:orxPhysics_GetCollisionFlagValue(291)] Adding collision flag <ball> with value <2>.
[11:52:30] [PHYSICS] [orxPhysics.c:orxPhysics_GetCollisionFlagValue(291)] Adding collision flag <wall> with value <4>.
[12:05:32] [CONFIG] [orxConfig.c:orxConfig_ProcessBuffer(3280)] [Breakout_Orxd.ini]: Begin include @Breakout_Orx.ini@
[12:05:32] [CONFIG] [orxConfig.c:orxConfig_ProcessBuffer(3286)] [Breakout_Orxd.ini]: End include @Breakout_Orx.ini@
[12:05:32] [CONFIG] [orxConfig.c:orxConfig_ProcessBuffer(3133)] [Breakout_Orxd.ini]: <Display.Title> = Breakout (Debug) -> Breakout_Orx (Debug)
[12:05:32] [CONFIG] [orxConfig.c:orxConfig_ProcessBuffer(3127)] [Breakout_Orxd.ini]: <Bundle.ExcludeList> += Breakout_Orxd.ini
[12:05:33] [PHYSICS] [orxPhysics.c:orxPhysics_GetCollisionFlagValue(291)] Adding collision flag <paddle> with value <1>.
[12:05:33] [PHYSICS] [orxPhysics.c:orxPhysics_GetCollisionFlagValue(291)] Adding collision flag <ball> with value <2>.
[12:05:33] [PHYSICS] [orxPhysics.c:orxPhysics_GetCollisionFlagValue(291)] Adding collision flag <wall> with value <4>.
[12:05:57] [CONFIG] [orxConfig.c:orxConfig_ProcessBuffer(3280)] [Breakout_Orxd.ini]: Begin include @Breakout_Orx.ini@
[12:05:57] [CONFIG] [orxConfig.c:orxConfig_ProcessBuffer(3286)] [Breakout_Orxd.ini]: End include @Breakout_Orx.ini@
[12:05:57] [CONFIG] [orxConfig.c:orxConfig_ProcessBuffer(3133)] [Breakout_Orxd.ini]: <Display.Title> = Breakout (Debug) -> Breakout_Orx (Debug)
[12:05:57] [CONFIG] [orxConfig.c:orxConfig_ProcessBuffer(3127)] [Breakout_Orxd.ini]: <Bundle.ExcludeList> += Breakout_Orxd.ini
[12:05:57] [PHYSICS] [orxPhysics.c:orxPhysics_GetCollisionFlagValue(291)] Adding collision flag <paddle> with value <1>.
[12:05:57] [PHYSICS] [orxPhysics.c:orxPhysics_GetCollisionFlagValue(291)] Adding collision flag <ball> with value <2>.
[12:05:57] [PHYSICS] [orxPhysics.c:orxPhysics_GetCollisionFlagValue(291)] Adding collision flag <wall> with value <4>.
[12:06:21] [CONFIG] [orxConfig.c:orxConfig_ProcessBuffer(3280)] [Breakout_Orxd.ini]: Begin include @Breakout_Orx.ini@
[12:06:21] [CONFIG] [orxConfig.c:orxConfig_ProcessBuffer(3286)] [Breakout_Orxd.ini]: End include @Breakout_Orx.ini@
[12:06:21] [CONFIG] [orxConfig.c:orxConfig_ProcessBuffer(3133)] [Breakout_Orxd.ini]: <Display.Title> = Breakout (Debug) -> Breakout_Orx (Debug)
[12:06:21] [CONFIG] [orxConfig.c:orxConfig_ProcessBuffer(3127)] [Breakout_Orxd.ini]: <Bundle.ExcludeList> += Breakout_Orxd.ini
[12:06:22] [PHYSICS] [orxPhysics.c:orxPhysics_GetCollisionFlagValue(291)] Adding collision flag <paddle> with value <1>.
[12:06:22] [PHYSICS] [orxPhysics.c:orxPhysics_GetCollisionFlagValue(291)] Adding collision flag <ball> with value <2>.
[12:06:22] [PHYSICS] [orxPhysics.c:orxPhysics_GetCollisionFlagValue(291)] Adding collision flag <wall> with value <4>.
[12:07:08] [CONFIG] [orxConfig.c:orxConfig_ProcessBuffer(3280)] [Breakout_Orxd.ini]: Begin include @Breakout_Orx.ini@
[12:07:08] [CONFIG] [orxConfig.c:orxConfig_ProcessBuffer(3286)] [Breakout_Orxd.ini]: End include @Breakout_Orx.ini@
[12:07:08] [CONFIG] [orxConfig.c:orxConfig_ProcessBuffer(3133)] [Breakout_Orxd.ini]: <Display.Title> = Breakout (Debug) -> Breakout_Orx (Debug)
[12:07:08] [CONFIG] [orxConfig.c:orxConfig_ProcessBuffer(3127)] [Breakout_Orxd.ini]: <Bundle.ExcludeList> += Breakout_Orxd.ini
[12:07:09] [PHYSICS] [orxPhysics.c:orxPhysics_GetCollisionFlagValue(291)] Adding collision flag <paddle> with value <1>.
[12:07:09] [PHYSICS] [orxPhysics.c:orxPhysics_GetCollisionFlagValue(291)] Adding collision flag <ball> with value <2>.
[12:07:09] [PHYSICS] [orxPhysics.c:orxPhysics_GetCollisionFlagValue(291)] Adding collision flag <wall> with value <4>.
[12:07:37] [CONFIG] [orxConfig.c:orxConfig_ProcessBuffer(3280)] [Breakout_Orxd.ini]: Begin include @Breakout_Orx.ini@
[12:07:37] [CONFIG] [orxConfig.c:orxConfig_ProcessBuffer(3286)] [Breakout_Orxd.ini]: End include @Breakout_Orx.ini@
[12:07:37] [CONFIG] [orxConfig.c:orxConfig_ProcessBuffer(3133)] [Breakout_Orxd.ini]: <Display.Title> = Breakout (Debug) -> Breakout_Orx (Debug)
[12:07:37] [CONFIG] [orxConfig.c:orxConfig_ProcessBuffer(3127)] [Breakout_Orxd.ini]: <Bundle.ExcludeList> += Breakout_Orxd.ini
[12:07:37] [PHYSICS] [orxPhysics.c:orxPhysics_GetCollisionFlagValue(291)] Adding collision flag <paddle> with value <1>.
[12:07:37] [PHYSICS] [orxPhysics.c:orxPhysics_GetCollisionFlagValue(291)] Adding collision flag <ball> with value <2>.
[12:07:37] [PHYSICS] [orxPhysics.c:orxPhysics_GetCollisionFlagValue(291)] Adding collision flag <wall> with value <4>.
[12:08:13] [CONFIG] [orxConfig.c:orxConfig_ProcessBuffer(3280)] [Breakout_Orxd.ini]: Begin include @Breakout_Orx.ini@
[12:08:13] [CONFIG] [orxConfig.c:orxConfig_ProcessBuffer(3286)] [Breakout_Orxd.ini]: End include @Breakout_Orx.ini@
[12:08:13] [CONFIG] [orxConfig.c:orxConfig_ProcessBuffer(3133)] [Breakout_Orxd.ini]: <Display.Title> = Breakout (Debug) -> Breakout_Orx (Debug)
[12:08:13] [CONFIG] [orxConfig.c:orxConfig_ProcessBuffer(3127)] [Breakout_Orxd.ini]: <Bundle.ExcludeList> += Breakout_Orxd.ini
[12:08:13] [PHYSICS] [orxPhysics.c:orxPhysics_GetCollisionFlagValue(291)] Adding collision flag <paddle> with value <1>.
[12:08:13] [PHYSICS] [orxPhysics.c:orxPhysics_GetCollisionFlagValue(291)] Adding collision flag <ball> with value <2>.
[12:08:13] [PHYSICS] [orxPhysics.c:orxPhysics_GetCollisionFlagValue(291)] Adding collision flag <wall> with value <4>.
